#
# There is insufficient memory for the Java Runtime Environment to continue.
# Native memory allocation (malloc) failed to allocate 1048576 bytes for AllocateHeap
# Possible reasons:
#   The system is out of physical RAM or swap space
#   The process is running with CompressedOops enabled, and the Java Heap may be blocking the growth of the native heap
# Possible solutions:
#   Reduce memory load on the system
#   Increase physical memory or swap space
#   Check if swap backing store is full
#   Decrease Java heap size (-Xmx/-Xms)
#   Decrease number of Java threads
#   Decrease Java thread stack sizes (-Xss)
#   Set larger code cache with -XX:ReservedCodeCacheSize=
#   JVM is running with Unscaled Compressed Oops mode in which the Java heap is
#     placed in the first 4GB address space. The Java Heap base address is the
#     maximum limit for the native heap growth. Please use -XX:HeapBaseMinAddress
#     to set the Java Heap base and to place the Java Heap above 4GB virtual address.
# This output file may be truncated or incomplete.
#
#  Out of Memory Error (memory/allocation.inline.hpp:61), pid=13676, tid=0x0000000000002588
#
# JRE version:  (8.0_231-b11) (build )
# Java VM: Java HotSpot(TM) 64-Bit Server VM (25.231-b11 mixed mode windows-amd64 compressed oops)
# Failed to write core dump. Minidumps are not enabled by default on client versions of Windows
#

---------------  T H R E A D  ---------------

Current thread (0x00000000045ae000):  JavaThread "Unknown thread" [_thread_in_vm, id=9608, stack(0x0000000004400000,0x0000000004500000)]

Stack: [0x0000000004400000,0x0000000004500000]
[error occurred during error reporting (printing stack bounds), id 0xc0000005]

Native frames: (J=compiled Java code, j=interpreted, Vv=VM code, C=native code)


---------------  P R O C E S S  ---------------

Java Threads: ( => current thread )

Other Threads:

=>0x00000000045ae000 (exited) JavaThread "Unknown thread" [_thread_in_vm, id=9608, stack(0x0000000004400000,0x0000000004500000)]

VM state:not at safepoint (normal execution)

VM Mutex/Monitor currently owned by a thread: None

heap address: 0x0000000081a00000, size: 2022 MB, Compressed Oops mode: 32-bit
Narrow klass base: 0x0000000000000000, Narrow klass shift: 3
Compressed class space size: 1073741824 Address: 0x0000000100000000

Heap:
 PSYoungGen      total 38400K, used 665K [0x00000000d5e00000, 0x00000000d8880000, 0x0000000100000000)
  eden space 33280K, 2% used [0x00000000d5e00000,0x00000000d5ea6670,0x00000000d7e80000)
  from space 5120K, 0% used [0x00000000d8380000,0x00000000d8380000,0x00000000d8880000)
  to   space 5120K, 0% used [0x00000000d7e80000,0x00000000d7e80000,0x00000000d8380000)
 ParOldGen       total 87552K, used 0K [0x0000000081a00000, 0x0000000086f80000, 0x00000000d5e00000)
  object space 87552K, 0% used [0x0000000081a00000,0x0000000081a00000,0x0000000086f80000)
 Metaspace       used 752K, capacity 4480K, committed 4480K, reserved 1056768K
  class space    used 76K, capacity 384K, committed 384K, reserved 1048576K

Card table byte_map: [0x0000000013a70000,0x0000000013e70000] byte_map_base: 0x0000000013663000

Marking Bits: (ParMarkBitMap*) 0x0000000069d86d90
 Begin Bits: [0x0000000014520000, 0x00000000164b8000)
 End Bits:   [0x00000000164b8000, 0x0000000018450000)

Polling page: 0x00000000003e0000

CodeCache: size=245760Kb used=328Kb max_used=328Kb free=245431Kb
 bounds [0x00000000046b0000, 0x0000000004920000, 0x00000000136b0000]
 total_blobs=58 nmethods=0 adapters=38
 compilation: enabled

Compilation events (0 events):
No events

GC Heap History (0 events):
No events

Deoptimization events (0 events):
No events

Classes redefined (0 events):
No events

Internal exceptions (0 events):
No events

Events (10 events):
Event: 0.052 loading class java/lang/Short
Event: 0.052 loading class java/lang/Short done
Event: 0.052 loading class java/lang/Integer
Event: 0.053 loading class java/lang/Integer done
Event: 0.053 loading class java/lang/Long
Event: 0.053 loading class java/lang/Long done
Event: 0.055 loading class java/lang/NullPointerException
Event: 0.055 loading class java/lang/NullPointerException done
Event: 0.055 loading class java/lang/ArithmeticException
Event: 0.056 loading class java/lang/ArithmeticException done


Dynamic libraries:
0x00007ff621220000 - 0x00007ff621257000 	C:\Program Files\Java\jre1.8.0_231\bin\javaw.exe
0x00007ffaab4e0000 - 0x00007ffaab6c0000 	C:\WINDOWS\SYSTEM32\ntdll.dll
0x00007ffaaa8a0000 - 0x00007ffaaa94e000 	C:\WINDOWS\System32\KERNEL32.DLL
0x00007ffaa8460000 - 0x00007ffaa86c6000 	C:\WINDOWS\System32\KERNELBASE.dll
0x00007ffaaad20000 - 0x00007ffaaadc1000 	C:\WINDOWS\System32\ADVAPI32.dll
0x00007ffaab410000 - 0x00007ffaab4ad000 	C:\WINDOWS\System32\msvcrt.dll
0x00007ffaab380000 - 0x00007ffaab3db000 	C:\WINDOWS\System32\sechost.dll
0x00007ffaab260000 - 0x00007ffaab37f000 	C:\WINDOWS\System32\RPCRT4.dll
0x00007ffaaa0f0000 - 0x00007ffaaa27f000 	C:\WINDOWS\System32\USER32.dll
0x00007ffaa86d0000 - 0x00007ffaa86f0000 	C:\WINDOWS\System32\win32u.dll
0x00007ffaaade0000 - 0x00007ffaaae08000 	C:\WINDOWS\System32\GDI32.dll
0x00007ffaa8240000 - 0x00007ffaa83d3000 	C:\WINDOWS\System32\gdi32full.dll
0x00007ffaa86f0000 - 0x00007ffaa878b000 	C:\WINDOWS\System32\msvcp_win.dll
0x00007ffaa8030000 - 0x00007ffaa8125000 	C:\WINDOWS\System32\ucrtbase.dll
0x00007ffa9b870000 - 0x00007ffa9bad9000 	C:\WINDOWS\WinSxS\amd64_microsoft.windows.common-controls_6595b64144ccf1df_6.0.16299.547_none_15cdd76c936033f5\COMCTL32.dll
0x00007ffaaaa00000 - 0x00007ffaaad07000 	C:\WINDOWS\System32\combase.dll
0x00007ffaa83e0000 - 0x00007ffaa8452000 	C:\WINDOWS\System32\bcryptPrimitives.dll
0x00007ffaab3e0000 - 0x00007ffaab40d000 	C:\WINDOWS\System32\IMM32.DLL
0x00000000693a0000 - 0x0000000069472000 	C:\Program Files\Java\jre1.8.0_231\bin\msvcr100.dll
0x0000000069560000 - 0x0000000069e06000 	C:\Program Files\Java\jre1.8.0_231\bin\server\jvm.dll
0x00007ffaaadd0000 - 0x00007ffaaadd8000 	C:\WINDOWS\System32\PSAPI.DLL
0x00007ffaa4820000 - 0x00007ffaa4829000 	C:\WINDOWS\SYSTEM32\WSOCK32.dll
0x00007ffaaa280000 - 0x00007ffaaa2ec000 	C:\WINDOWS\System32\WS2_32.dll
0x00007ffaa48b0000 - 0x00007ffaa48d3000 	C:\WINDOWS\SYSTEM32\WINMM.dll
0x00007ffa97fb0000 - 0x00007ffa97fba000 	C:\WINDOWS\SYSTEM32\VERSION.dll
0x00007ffaa4880000 - 0x00007ffaa48aa000 	C:\WINDOWS\SYSTEM32\WINMMBASE.dll
0x00007ffaa8790000 - 0x00007ffaa87da000 	C:\WINDOWS\System32\cfgmgr32.dll
0x00007ffaa4770000 - 0x00007ffaa477f000 	C:\Program Files\Java\jre1.8.0_231\bin\verify.dll
0x00007ffa9c000000 - 0x00007ffa9c029000 	C:\Program Files\Java\jre1.8.0_231\bin\java.dll
0x00007ffaa3ff0000 - 0x00007ffaa4006000 	C:\Program Files\Java\jre1.8.0_231\bin\zip.dll

VM Arguments:
jvm_args: -ea -Dfile.encoding=UTF-8 
java_command: org.eclipse.jdt.internal.junit.runner.RemoteTestRunner -version 3 -port 61782 -testLoaderClass org.eclipse.jdt.internal.junit4.runner.JUnit4TestLoader -loaderpluginname org.eclipse.jdt.junit4.runtime -classNames com.revature.eval.java.core.EvaluationServiceTest
java_class_path (initial): C:\Users\CORRUPTION53\Documents\RevRepos\2001-mobile-nick-week1java-markchawkins53\target\test-classes;C:\Users\CORRUPTION53\Documents\RevRepos\2001-mobile-nick-week1java-markchawkins53\target\classes;C:\Users\CORRUPTION53\.m2\repository\junit\junit\4.12\junit-4.12.jar;C:\Users\CORRUPTION53\.m2\repository\org\hamcrest\hamcrest-core\1.3\hamcrest-core-1.3.jar;C:\Users\CORRUPTION53\eclipse\java-2019-12\eclipse\configuration\org.eclipse.osgi\224\0\.cp;C:\Users\CORRUPTION53\eclipse\java-2019-12\eclipse\configuration\org.eclipse.osgi\223\0\.cp
Launcher Type: SUN_STANDARD

Environment Variables:
PATH=C:/Program Files/Java/jre1.8.0_231/bin/server;C:/Program Files/Java/jre1.8.0_231/bin;C:/Program Files/Java/jre1.8.0_231/lib/amd64;C:\Program Files (x86)\Common Files\Oracle\Java\javapath;C:\ProgramData\Oracle\Java\javapath;C:\Program Files (x86)\Razer Chroma SDK\bin;C:\Program Files\Razer Chroma SDK\bin;C:\Windows\system32;C:\Windows;C:\Windows\System32\Wbem;C:\Windows\System32\WindowsPowerShell\v1.0\;E:\Program Files (x86)\nodejs\;C:\WINDOWS\system32;C:\WINDOWS;C:\WINDOWS\System32\Wbem;C:\WINDOWS\System32\WindowsPowerShell\v1.0\;C:\Program Files (x86)\Skype\Phone\;C:\Program Files (x86)\GtkSharp\2.12\bin;C:\Program Files\dotnet\;C:\Program Files\Git LFS;C:\Program Files\Git\cmd;C:\Users\CORRUPTION53\AppData\Roaming\npm;C:\Program Files (x86)\Java\jre7\bin;C:\Users\CORRUPTION53\AppData\Local\Microsoft\WindowsApps;C:\WINDOWS\system32;
USERNAME=CORRUPTION53
OS=Windows_NT
PROCESSOR_IDENTIFIER=Intel64 Family 6 Model 78 Stepping 3, GenuineIntel



---------------  S Y S T E M  ---------------

OS: Windows 10.0 , 64 bit Build 16299 (10.0.16299.431)

CPU:total 4 (initial active 4) (2 cores per cpu, 2 threads per core) family 6 model 78 stepping 3, cmov, cx8, fxsr, mmx, sse, sse2, sse3, ssse3, sse4.1, sse4.2, popcnt, avx, avx2, aes, clmul, erms, 3dnowpref, lzcnt, ht, tsc, tscinvbit, bmi1, bmi2, adx

Memory: 4k page, physical 8275860k(3183036k free), swap 8800148k(4284k free)

vm_info: Java HotSpot(TM) 64-Bit Server VM (25.231-b11) for windows-amd64 JRE (1.8.0_231-b11), built on Oct  5 2019 03:11:30 by "java_re" with MS VC++ 10.0 (VS2010)

time: Thu Jan 09 23:01:59 2020
timezone: Eastern Standard Time
elapsed time: 0 seconds (0d 0h 0m 0s)

